<?xml version="1.0" encoding="UTF-8"?>
<!-- Generated by org.testng.reporters.JUnitReportReporter -->
<testsuite hostname="DESKTOP-48A98GS" failures="0" tests="1" name="beauty.LaunchPurple" time="15.115" errors="0" timestamp="2024-05-27T21:11:18 IST" skipped="0">
  <testcase classname="beauty.LaunchPurple" name="purple" time="15.115"/>
  <system-out/>
</testsuite> <!-- beauty.LaunchPurple -->
