<?xml version="1.0" encoding="UTF-8"?>
<!-- Generated by org.testng.reporters.JUnitReportReporter -->
<testsuite hostname="DESKTOP-48A98GS" failures="0" tests="1" name="shoping.LaunchAmazon" time="39.205" errors="0" timestamp="2024-05-27T23:18:27 IST" skipped="0">
  <testcase classname="shoping.LaunchAmazon" name="amazon" time="39.205"/>
  <system-out/>
</testsuite> <!-- shoping.LaunchAmazon -->
