<?xml version="1.0" encoding="UTF-8"?>
<!-- Generated by org.testng.reporters.JUnitReportReporter -->
<testsuite hostname="DESKTOP-48A98GS" failures="0" tests="1" name="report.TestScript02" time="33.710" errors="0" timestamp="2024-06-03T20:26:04 IST" skipped="0">
  <testcase classname="report.TestScript02" name="script2" time="33.710"/>
  <system-out/>
</testsuite> <!-- report.TestScript02 -->
