<?xml version="1.0" encoding="UTF-8"?>
<!-- Generated by org.testng.reporters.JUnitReportReporter -->
<testsuite hostname="DESKTOP-48A98GS" failures="0" tests="1" name="shoping.LaunchMyntra" time="25.402" errors="0" timestamp="2024-05-27T23:17:40 IST" skipped="0">
  <testcase classname="shoping.LaunchMyntra" name="myntra" time="25.402"/>
  <system-out/>
</testsuite> <!-- shoping.LaunchMyntra -->
