<?xml version="1.0" encoding="UTF-8"?>
<!-- Generated by org.testng.reporters.JUnitReportReporter -->
<testsuite hostname="DESKTOP-48A98GS" failures="0" tests="1" name="beauty.Launchsugar_Test" time="24.398" errors="0" timestamp="2024-05-28T19:51:46 IST" skipped="0">
  <testcase classname="beauty.Launchsugar_Test" name="sugar" time="24.398"/>
  <system-out/>
</testsuite> <!-- beauty.Launchsugar_Test -->
