<?xml version="1.0" encoding="UTF-8"?>
<!-- Generated by org.testng.reporters.JUnitReportReporter -->
<testsuite hostname="DESKTOP-48A98GS" failures="0" tests="1" name="report.TestScript01" time="19.976" errors="0" timestamp="2024-06-02T23:57:48 IST" skipped="0">
  <testcase classname="report.TestScript01" name="launch" time="19.976"/>
  <system-out/>
</testsuite> <!-- report.TestScript01 -->
