<?xml version="1.0" encoding="UTF-8"?>
<!-- Generated by org.testng.reporters.JUnitReportReporter -->
<testsuite hostname="DESKTOP-48A98GS" failures="0" tests="1" name="food.LaunchSwigy" time="34.278" errors="0" timestamp="2024-05-27T23:08:34 IST" skipped="0">
  <testcase classname="food.LaunchSwigy" name="swigy" time="34.278"/>
  <system-out/>
</testsuite> <!-- food.LaunchSwigy -->
