<?xml version="1.0" encoding="UTF-8"?>
<!-- Generated by org.testng.reporters.JUnitReportReporter -->
<testsuite hostname="DESKTOP-48A98GS" failures="0" tests="1" name="food.LaunchZomato" time="14.215" errors="0" timestamp="2024-05-27T21:19:48 IST" skipped="0">
  <testcase classname="food.LaunchZomato" name="zomato" time="14.215"/>
  <system-out/>
</testsuite> <!-- food.LaunchZomato -->
