<?xml version="1.0" encoding="UTF-8"?>
<!-- Generated by org.testng.reporters.JUnitReportReporter -->
<testsuite hostname="DESKTOP-48A98GS" failures="0" tests="1" name="beauty.launchLakmee" time="15.627" errors="0" timestamp="2024-05-27T21:01:04 IST" skipped="0">
  <testcase classname="beauty.launchLakmee" name="Lakmee" time="15.627"/>
  <system-out/>
</testsuite> <!-- beauty.launchLakmee -->
