<?xml version="1.0" encoding="UTF-8"?>
<!-- Generated by org.testng.reporters.JUnitReportReporter -->
<testsuite hostname="DESKTOP-48A98GS" failures="0" tests="1" name="beauty.launchNyka" time="7.981" errors="0" timestamp="2024-05-27T21:07:36 IST" skipped="0">
  <testcase classname="beauty.launchNyka" name="Nyka" time="7.981"/>
  <system-out/>
</testsuite> <!-- beauty.launchNyka -->
