<?xml version="1.0" encoding="UTF-8"?>
<!-- Generated by org.testng.reporters.JUnitReportReporter -->
<testsuite hostname="DESKTOP-48A98GS" failures="0" tests="1" name="shoping.LaunchFlipkart" time="15.367" errors="0" timestamp="2024-05-27T23:12:58 IST" skipped="0">
  <testcase classname="shoping.LaunchFlipkart" name="flipkart" time="15.367"/>
  <system-out/>
</testsuite> <!-- shoping.LaunchFlipkart -->
