<?xml version="1.0" encoding="UTF-8"?>
<!-- Generated by org.testng.reporters.JUnitReportReporter -->
<testsuite hostname="DESKTOP-48A98GS" failures="0" tests="1" name="food.LaunchKfc" time="9.087" errors="0" timestamp="2024-05-27T21:23:17 IST" skipped="0">
  <testcase classname="food.LaunchKfc" name="kfc" time="9.087"/>
  <system-out/>
</testsuite> <!-- food.LaunchKfc -->
